<?xml version="1.0" encoding="UTF-8"?>
<testsuites>
	<testsuite tests="0" failures="0" time="0.000000" name="vulnerability-collector/gocode/lambdas/healthcheck">
		<properties>
			<property name="go.version" value="go1.13.5 darwin/amd64"></property>
		</properties>
	</testsuite>
	<testsuite tests="1" failures="0" time="0.000000" name="vulnerability-collector/gocode/libraries/nvd_connector">
		<properties>
			<property name="go.version" value="go1.13.5 darwin/amd64"></property>
		</properties>
		<testcase classname="vulnerability-collector/gocode/libraries/nvd_connector" name="TestCall" time="0.000000"></testcase>
	</testsuite>
</testsuites>